# JRE version: OpenJDK Runtime Environment (21.0.3+9) (build 21.0.3+9-Ubuntu-1ubuntu1)
# Java VM: OpenJDK 64-Bit Server VM (21.0.3+9-Ubuntu-1ubuntu1, mixed mode, emulated-client, sharing, tiered, compressed oops, compressed class ptrs, g1 gc, linux-amd64)
GC Precious Log:
 CardTable entry size: 512
 Card Set container configuration: InlinePtr #cards 5 size 8 Array Of Cards #cards 12 size 40 Howl #buckets 4 coarsen threshold 1843 Howl Bitmap #cards 512 size 80 coarsen threshold 460 Card regions per heap region 1 cards per card region 2048
 CPUs: 8 total, 8 available
 Memory: 7709M
 Large Page Support: Disabled
 NUMA Support: Disabled
 Compressed Oops: Enabled (32-bit)
 Heap Region Size: 1M
 Heap Min Capacity: 8M
 Heap Initial Capacity: 122M
 Heap Max Capacity: 1928M
 Pre-touch: Disabled
 Parallel Workers: 8
 Concurrent Workers: 2
 Concurrent Refinement Workers: 8
 Periodic GC: Disabled
Heap:
 garbage-first heap   total 75776K, used 46546K [0x0000000087800000, 0x0000000100000000)
  region size 1024K, 20 young (20480K), 1 survivors (1024K)
 Metaspace       used 63129K, committed 63808K, reserved 1114112K
  class space    used 8975K, committed 9280K, reserved 1048576K
GC Heap History (18 events):
Event: 1.560 GC heap before
{Heap before GC invocations=0 (full 0):
 garbage-first heap   total 126976K, used 24606K [0x0000000087800000, 0x0000000100000000)
  region size 1024K, 23 young (23552K), 0 survivors (0K)
 Metaspace       used 6150K, committed 6400K, reserved 1114112K
  class space    used 837K, committed 960K, reserved 1048576K
}
Event: 1.576 GC heap after
{Heap after GC invocations=1 (full 0):
 garbage-first heap   total 126976K, used 8038K [0x0000000087800000, 0x0000000100000000)
  region size 1024K, 3 young (3072K), 3 survivors (3072K)
 Metaspace       used 6150K, committed 6400K, reserved 1114112K
  class space    used 837K, committed 960K, reserved 1048576K
}
Event: 2.409 GC heap before
{Heap before GC invocations=1 (full 0):
 garbage-first heap   total 126976K, used 33638K [0x0000000087800000, 0x0000000100000000)
  region size 1024K, 29 young (29696K), 3 survivors (3072K)
 Metaspace       used 13004K, committed 13248K, reserved 1114112K
  class space    used 1708K, committed 1792K, reserved 1048576K
}
Event: 2.422 GC heap after
{Heap after GC invocations=2 (full 0):
 garbage-first heap   total 126976K, used 10363K [0x0000000087800000, 0x0000000100000000)
  region size 1024K, 3 young (3072K), 3 survivors (3072K)
 Metaspace       used 13004K, committed 13248K, reserved 1114112K
  class space    used 1708K, committed 1792K, reserved 1048576K
}
Event: 4.553 GC heap before
{Heap before GC invocations=2 (full 0):
 garbage-first heap   total 126976K, used 62587K [0x0000000087800000, 0x0000000100000000)
  region size 1024K, 56 young (57344K), 3 survivors (3072K)
 Metaspace       used 21239K, committed 21504K, reserved 1114112K
  class space    used 2939K, committed 3072K, reserved 1048576K
}
Event: 4.576 GC heap after
{Heap after GC invocations=3 (full 0):
 garbage-first heap   total 126976K, used 15054K [0x0000000087800000, 0x0000000100000000)
  region size 1024K, 7 young (7168K), 7 survivors (7168K)
 Metaspace       used 21239K, committed 21504K, reserved 1114112K
  class space    used 2939K, committed 3072K, reserved 1048576K
}
Event: 6.498 GC heap before
{Heap before GC invocations=4 (full 0):
 garbage-first heap   total 58368K, used 57038K [0x0000000087800000, 0x0000000100000000)
  region size 1024K, 48 young (49152K), 7 survivors (7168K)
 Metaspace       used 28758K, committed 29312K, reserved 1114112K
  class space    used 4021K, committed 4288K, reserved 1048576K
}
Event: 6.528 GC heap after
{Heap after GC invocations=5 (full 0):
 garbage-first heap   total 69632K, used 19028K [0x0000000087800000, 0x0000000100000000)
  region size 1024K, 9 young (9216K), 9 survivors (9216K)
 Metaspace       used 28758K, committed 29312K, reserved 1114112K
  class space    used 4021K, committed 4288K, reserved 1048576K
}
Event: 7.708 GC heap before
{Heap before GC invocations=5 (full 0):
 garbage-first heap   total 69632K, used 42580K [0x0000000087800000, 0x0000000100000000)
  region size 1024K, 33 young (33792K), 9 survivors (9216K)
 Metaspace       used 35419K, committed 35968K, reserved 1114112K
  class space    used 5066K, committed 5312K, reserved 1048576K
}
Event: 7.730 GC heap after
{Heap after GC invocations=6 (full 0):
 garbage-first heap   total 69632K, used 20900K [0x0000000087800000, 0x0000000100000000)
  region size 1024K, 3 young (3072K), 3 survivors (3072K)
 Metaspace       used 35419K, committed 35968K, reserved 1114112K
  class space    used 5066K, committed 5312K, reserved 1048576K
}
Event: 7.767 GC heap before
{Heap before GC invocations=6 (full 0):
 garbage-first heap   total 69632K, used 20900K [0x0000000087800000, 0x0000000100000000)
  region size 1024K, 4 young (4096K), 3 survivors (3072K)
 Metaspace       used 35770K, committed 36288K, reserved 1114112K
  class space    used 5094K, committed 5312K, reserved 1048576K
}
Event: 7.774 GC heap after
{Heap after GC invocations=7 (full 0):
 garbage-first heap   total 83968K, used 20150K [0x0000000087800000, 0x0000000100000000)
  region size 1024K, 2 young (2048K), 2 survivors (2048K)
 Metaspace       used 35770K, committed 36288K, reserved 1114112K
  class space    used 5094K, committed 5312K, reserved 1048576K
}
Event: 10.535 GC heap before
{Heap before GC invocations=8 (full 0):
 garbage-first heap   total 75776K, used 67254K [0x0000000087800000, 0x0000000100000000)
  region size 1024K, 49 young (50176K), 2 survivors (2048K)
 Metaspace       used 52649K, committed 53184K, reserved 1114112K
  class space    used 7461K, committed 7680K, reserved 1048576K
}
Event: 10.548 GC heap after
{Heap after GC invocations=9 (full 0):
 garbage-first heap   total 75776K, used 23893K [0x0000000087800000, 0x0000000100000000)
  region size 1024K, 6 young (6144K), 6 survivors (6144K)
 Metaspace       used 52649K, committed 53184K, reserved 1114112K
  class space    used 7461K, committed 7680K, reserved 1048576K
}
Event: 12.456 GC heap before
{Heap before GC invocations=9 (full 0):
 garbage-first heap   total 75776K, used 62805K [0x0000000087800000, 0x0000000100000000)
  region size 1024K, 44 young (45056K), 6 survivors (6144K)
 Metaspace       used 59852K, committed 60544K, reserved 1114112K
  class space    used 8452K, committed 8768K, reserved 1048576K
}
Event: 12.480 GC heap after
{Heap after GC invocations=10 (full 0):
 garbage-first heap   total 75776K, used 27371K [0x0000000087800000, 0x0000000100000000)
  region size 1024K, 4 young (4096K), 4 survivors (4096K)
 Metaspace       used 59852K, committed 60544K, reserved 1114112K
  class space    used 8452K, committed 8768K, reserved 1048576K
}
Event: 12.635 GC heap before
{Heap before GC invocations=10 (full 0):
 garbage-first heap   total 75776K, used 30443K [0x0000000087800000, 0x0000000100000000)
  region size 1024K, 8 young (8192K), 4 survivors (4096K)
 Metaspace       used 60263K, committed 60928K, reserved 1114112K
  class space    used 8516K, committed 8832K, reserved 1048576K
}
Event: 12.647 GC heap after
{Heap after GC invocations=11 (full 0):
 garbage-first heap   total 75776K, used 28114K [0x0000000087800000, 0x0000000100000000)
  region size 1024K, 1 young (1024K), 1 survivors (1024K)
 Metaspace       used 60263K, committed 60928K, reserved 1114112K
  class space    used 8516K, committed 8832K, reserved 1048576K
}

