# JRE version: OpenJDK Runtime Environment (21.0.3+9) (build 21.0.3+9-Ubuntu-1ubuntu1)
# Java VM: OpenJDK 64-Bit Server VM (21.0.3+9-Ubuntu-1ubuntu1, mixed mode, emulated-client, sharing, tiered, compressed oops, compressed class ptrs, g1 gc, linux-amd64)
GC Precious Log:
 CardTable entry size: 512
 Card Set container configuration: InlinePtr #cards 5 size 8 Array Of Cards #cards 12 size 40 Howl #buckets 4 coarsen threshold 1843 Howl Bitmap #cards 512 size 80 coarsen threshold 460 Card regions per heap region 1 cards per card region 2048
 CPUs: 8 total, 8 available
 Memory: 7709M
 Large Page Support: Disabled
 NUMA Support: Disabled
 Compressed Oops: Enabled (32-bit)
 Heap Region Size: 1M
 Heap Min Capacity: 8M
 Heap Initial Capacity: 122M
 Heap Max Capacity: 1928M
 Pre-touch: Disabled
 Parallel Workers: 8
 Concurrent Workers: 2
 Concurrent Refinement Workers: 8
 Periodic GC: Disabled
Heap:
 garbage-first heap   total 61440K, used 23367K [0x0000000087800000, 0x0000000100000000)
  region size 1024K, 16 young (16384K), 7 survivors (7168K)
 Metaspace       used 22492K, committed 22912K, reserved 1114112K
  class space    used 3132K, committed 3328K, reserved 1048576K
GC Heap History (6 events):
Event: 2.560 GC heap before
{Heap before GC invocations=0 (full 0):
 garbage-first heap   total 126976K, used 24606K [0x0000000087800000, 0x0000000100000000)
  region size 1024K, 23 young (23552K), 0 survivors (0K)
 Metaspace       used 6106K, committed 6400K, reserved 1114112K
  class space    used 827K, committed 960K, reserved 1048576K
}
Event: 2.580 GC heap after
{Heap after GC invocations=1 (full 0):
 garbage-first heap   total 126976K, used 8542K [0x0000000087800000, 0x0000000100000000)
  region size 1024K, 3 young (3072K), 3 survivors (3072K)
 Metaspace       used 6106K, committed 6400K, reserved 1114112K
  class space    used 827K, committed 960K, reserved 1048576K
}
Event: 3.608 GC heap before
{Heap before GC invocations=1 (full 0):
 garbage-first heap   total 126976K, used 34142K [0x0000000087800000, 0x0000000100000000)
  region size 1024K, 29 young (29696K), 3 survivors (3072K)
 Metaspace       used 12858K, committed 13120K, reserved 1114112K
  class space    used 1683K, committed 1792K, reserved 1048576K
}
Event: 3.628 GC heap after
{Heap after GC invocations=2 (full 0):
 garbage-first heap   total 126976K, used 10656K [0x0000000087800000, 0x0000000100000000)
  region size 1024K, 3 young (3072K), 3 survivors (3072K)
 Metaspace       used 12858K, committed 13120K, reserved 1114112K
  class space    used 1683K, committed 1792K, reserved 1048576K
}
Event: 6.852 GC heap before
{Heap before GC invocations=2 (full 0):
 garbage-first heap   total 126976K, used 62880K [0x0000000087800000, 0x0000000100000000)
  region size 1024K, 56 young (57344K), 3 survivors (3072K)
 Metaspace       used 21239K, committed 21504K, reserved 1114112K
  class space    used 2939K, committed 3072K, reserved 1048576K
}
Event: 6.887 GC heap after
{Heap after GC invocations=3 (full 0):
 garbage-first heap   total 126976K, used 15175K [0x0000000087800000, 0x0000000100000000)
  region size 1024K, 7 young (7168K), 7 survivors (7168K)
 Metaspace       used 21239K, committed 21504K, reserved 1114112K
  class space    used 2939K, committed 3072K, reserved 1048576K
}

