# JRE version: OpenJDK Runtime Environment (21.0.3+9) (build 21.0.3+9-Ubuntu-1ubuntu1)
# Java VM: OpenJDK 64-Bit Server VM (21.0.3+9-Ubuntu-1ubuntu1, mixed mode, sharing, tiered, compressed oops, compressed class ptrs, g1 gc, linux-amd64)
GC Precious Log:
 CardTable entry size: 512
 Card Set container configuration: InlinePtr #cards 5 size 8 Array Of Cards #cards 12 size 40 Howl #buckets 4 coarsen threshold 1843 Howl Bitmap #cards 512 size 80 coarsen threshold 460 Card regions per heap region 1 cards per card region 2048
 CPUs: 8 total, 8 available
 Memory: 7709M
 Large Page Support: Disabled
 NUMA Support: Disabled
 Compressed Oops: Enabled (32-bit)
 Heap Region Size: 1M
 Heap Min Capacity: 8M
 Heap Initial Capacity: 122M
 Heap Max Capacity: 1928M
 Pre-touch: Disabled
 Parallel Workers: 8
 Concurrent Workers: 2
 Concurrent Refinement Workers: 8
 Periodic GC: Disabled
Heap:
 garbage-first heap   total 126976K, used 40602K [0x0000000087800000, 0x0000000100000000)
  region size 1024K, 36 young (36864K), 10 survivors (10240K)
 Metaspace       used 14567K, committed 14912K, reserved 1114112K
  class space    used 1573K, committed 1728K, reserved 1048576K
GC Heap History (6 events):
Event: 1.597 GC heap before
{Heap before GC invocations=0 (full 0):
 garbage-first heap   total 126976K, used 24606K [0x0000000087800000, 0x0000000100000000)
  region size 1024K, 23 young (23552K), 0 survivors (0K)
 Metaspace       used 5568K, committed 5696K, reserved 1114112K
  class space    used 633K, committed 704K, reserved 1048576K
}
Event: 1.611 GC heap after
{Heap after GC invocations=1 (full 0):
 garbage-first heap   total 126976K, used 4126K [0x0000000087800000, 0x0000000100000000)
  region size 1024K, 3 young (3072K), 3 survivors (3072K)
 Metaspace       used 5568K, committed 5696K, reserved 1114112K
  class space    used 633K, committed 704K, reserved 1048576K
}
Event: 3.842 GC heap before
{Heap before GC invocations=1 (full 0):
 garbage-first heap   total 126976K, used 49182K [0x0000000087800000, 0x0000000100000000)
  region size 1024K, 47 young (48128K), 3 survivors (3072K)
 Metaspace       used 13082K, committed 13312K, reserved 1114112K
  class space    used 1492K, committed 1600K, reserved 1048576K
}
Event: 3.877 GC heap after
{Heap after GC invocations=2 (full 0):
 garbage-first heap   total 126976K, used 8480K [0x0000000087800000, 0x0000000100000000)
  region size 1024K, 6 young (6144K), 6 survivors (6144K)
 Metaspace       used 13082K, committed 13312K, reserved 1114112K
  class space    used 1492K, committed 1600K, reserved 1048576K
}
Event: 5.035 GC heap before
{Heap before GC invocations=2 (full 0):
 garbage-first heap   total 126976K, used 77088K [0x0000000087800000, 0x0000000100000000)
  region size 1024K, 73 young (74752K), 6 survivors (6144K)
 Metaspace       used 14017K, committed 14336K, reserved 1114112K
  class space    used 1532K, committed 1664K, reserved 1048576K
}
Event: 5.098 GC heap after
{Heap after GC invocations=3 (full 0):
 garbage-first heap   total 126976K, used 15002K [0x0000000087800000, 0x0000000100000000)
  region size 1024K, 10 young (10240K), 10 survivors (10240K)
 Metaspace       used 14017K, committed 14336K, reserved 1114112K
  class space    used 1532K, committed 1664K, reserved 1048576K
}

